Iteration: 0 SalLoss: 0.8305
Iteration: 0 SalLoss: 0.7931
Iteration: 0 SalLoss: 0.7571
Iteration: 0 SalLoss: 0.7193
Iteration: 0 SalLoss: 0.8305
Iteration: 0 SalLoss: 0.7931
Iteration: 0 SalLoss: 0.7571
Iteration: 0 SalLoss: 0.7193
Iteration: 0 SalLoss: 0.6862
Iteration: 1 SalLoss: 0.6611
Iteration: 1 SalLoss: 0.6235
Iteration: 1 SalLoss: 0.5912
Iteration: 1 SalLoss: 0.5600
Iteration: 1 SalLoss: 0.5296
Iteration: 2 SalLoss: 0.5024
Iteration: 2 SalLoss: 0.4718
Iteration: 2 SalLoss: 0.4429
Iteration: 2 SalLoss: 0.4166
Iteration: 2 SalLoss: 0.3912
Iteration: 3 SalLoss: 0.3683
Iteration: 3 SalLoss: 0.3440
Iteration: 3 SalLoss: 0.3217
Iteration: 3 SalLoss: 0.3015
Iteration: 3 SalLoss: 0.2827
Iteration: 4 SalLoss: 0.2664
Iteration: 4 SalLoss: 0.2494
Iteration: 4 SalLoss: 0.2343
